d:\qt\qtcode\ffmpeg\x64\debug\xaudioplay.obj
d:\qt\qtcode\ffmpeg\x64\debug\main.obj
d:\qt\qtcode\ffmpeg\x64\debug\ffmpeg.obj
d:\qt\qtcode\ffmpeg\x64\debug\media.obj
d:\qt\qtcode\ffmpeg\x64\debug\qrc_ffmpeg.obj
d:\qt\qtcode\ffmpeg\x64\debug\moc_ffmpeg.obj
d:\qt\qtcode\ffmpeg\x64\debug\vc141.pdb
d:\qt\qtcode\ffmpeg\x64\debug\uic\ui_ffmpeg.h
d:\qt\qtcode\ffmpeg\x64\debug\rcc\qrc_ffmpeg.cpp
d:\qt\qtcode\ffmpeg\x64\debug\moc\moc_ffmpeg.cpp
d:\qt\qtcode\ffmpeg\x64\debug\ffmpeg.exe
d:\qt\qtcode\ffmpeg\x64\debug\ffmpeg.ilk
d:\qt\qtcode\ffmpeg\x64\debug\ffmpeg.pdb
d:\qt\qtcode\ffmpeg\x64\debug\\moc\moc_ffmpeg.cpp
d:\qt\qtcode\ffmpeg\x64\debug\\rcc\qrc_ffmpeg.cpp
d:\qt\qtcode\ffmpeg\x64\debug\\uic\ui_ffmpeg.h
d:\qt\qtcode\ffmpeg\x64\debug\ffmpeg.tlog\cl.command.1.tlog
d:\qt\qtcode\ffmpeg\x64\debug\ffmpeg.tlog\cl.read.1.tlog
d:\qt\qtcode\ffmpeg\x64\debug\ffmpeg.tlog\cl.write.1.tlog
d:\qt\qtcode\ffmpeg\x64\debug\ffmpeg.tlog\ffmpeg.write.1u.tlog
d:\qt\qtcode\ffmpeg\x64\debug\ffmpeg.tlog\link.command.1.tlog
d:\qt\qtcode\ffmpeg\x64\debug\ffmpeg.tlog\link.read.1.tlog
d:\qt\qtcode\ffmpeg\x64\debug\ffmpeg.tlog\link.write.1.tlog
d:\qt\qtcode\ffmpeg\x64\debug\ffmpeg.tlog\moc.read.1u.tlog
d:\qt\qtcode\ffmpeg\x64\debug\ffmpeg.tlog\moc.write.1u.tlog
d:\qt\qtcode\ffmpeg\x64\debug\ffmpeg.tlog\rcc.read.1u.tlog
d:\qt\qtcode\ffmpeg\x64\debug\ffmpeg.tlog\rcc.write.1u.tlog
d:\qt\qtcode\ffmpeg\x64\debug\ffmpeg.tlog\uic.read.1u.tlog
d:\qt\qtcode\ffmpeg\x64\debug\ffmpeg.tlog\uic.write.1u.tlog
